<?xml version="1.0" encoding="UTF-8"?>
<!-- Generated by org.testng.reporters.JUnitXMLReporter -->
<testsuite ignored="0" hostname="DESKTOP-QMAKQJB" failures="1" tests="5" name="Test4" time="8.209" errors="0" timestamp="2024-07-18T14:44:08 IST">
  <testcase classname="com.vinGuru.tests.flightResevearion.FlightReseverationTest" name="userRegistaraionTest" time="1.677"/>
  <testcase classname="com.vinGuru.tests.flightResevearion.FlightReseverationTest" name="registartionConfirmationPage" time="0.847"/>
  <testcase classname="com.vinGuru.tests.flightResevearion.FlightReseverationTest" name="flightSearchTest" time="0.972"/>
  <testcase classname="com.vinGuru.tests.flightResevearion.FlightReseverationTest" name="flightSelectionTest" time="1.294"/>
  <testcase classname="com.vinGuru.tests.flightResevearion.FlightReseverationTest" name="flightReseverationConfirmationTest" time="0.127">
    <failure type="java.lang.AssertionError" message="expected [$2338 USD] but found [$584 USD]">
      <![CDATA[java.lang.AssertionError: expected [$2338 USD] but found [$584 USD]
at com.vinGuru.tests.flightResevearion.FlightReseverationTest.flightReseverationConfirmationTest(FlightReseverationTest.java:78)
at java.base/java.util.ArrayList.forEach(ArrayList.java:1596)
... Removed 31 stack frames]]>
    </failure>
  </testcase> <!-- flightReseverationConfirmationTest -->
</testsuite> <!-- Test4 -->
