<?xml version="1.0" encoding="UTF-8"?>
<!-- Generated by org.testng.reporters.JUnitXMLReporter -->
<testsuite ignored="0" hostname="DESKTOP-QMAKQJB" failures="0" tests="5" name="Test1" time="12.092" errors="0" timestamp="2024-07-18T23:10:59 IST">
  <testcase classname="com.vinGuru.tests.flightResevearion.FlightReseverationTest" name="userRegistaraionTest" time="3.586"/>
  <testcase classname="com.vinGuru.tests.flightResevearion.FlightReseverationTest" name="registartionConfirmationPage" time="2.419"/>
  <testcase classname="com.vinGuru.tests.flightResevearion.FlightReseverationTest" name="flightSearchTest" time="1.096"/>
  <testcase classname="com.vinGuru.tests.flightResevearion.FlightReseverationTest" name="flightSelectionTest" time="0.846"/>
  <testcase classname="com.vinGuru.tests.flightResevearion.FlightReseverationTest" name="flightReseverationConfirmationTest" time="1.884"/>
</testsuite> <!-- Test1 -->
