<?xml version="1.0" encoding="UTF-8"?>
<!-- Generated by org.testng.reporters.JUnitXMLReporter -->
<testsuite ignored="0" hostname="DESKTOP-QMAKQJB" failures="1" tests="5" name="Test3" time="10.221" errors="0" timestamp="2024-07-18T14:44:00 IST">
  <testcase classname="com.vinGuru.tests.flightResevearion.FlightReseverationTest" name="userRegistaraionTest" time="1.529"/>
  <testcase classname="com.vinGuru.tests.flightResevearion.FlightReseverationTest" name="registartionConfirmationPage" time="0.829"/>
  <testcase classname="com.vinGuru.tests.flightResevearion.FlightReseverationTest" name="flightSearchTest" time="2.881"/>
  <testcase classname="com.vinGuru.tests.flightResevearion.FlightReseverationTest" name="flightSelectionTest" time="2.536"/>
  <testcase classname="com.vinGuru.tests.flightResevearion.FlightReseverationTest" name="flightReseverationConfirmationTest" time="1.906">
    <failure type="java.lang.AssertionError" message="expected [$1753 USD] but found [$584 USD]">
      <![CDATA[java.lang.AssertionError: expected [$1753 USD] but found [$584 USD]
at com.vinGuru.tests.flightResevearion.FlightReseverationTest.flightReseverationConfirmationTest(FlightReseverationTest.java:78)
at java.base/java.util.ArrayList.forEach(ArrayList.java:1596)
... Removed 31 stack frames]]>
    </failure>
  </testcase> <!-- flightReseverationConfirmationTest -->
</testsuite> <!-- Test3 -->
