<?xml version="1.0" encoding="UTF-8"?>
<!-- Generated by org.testng.reporters.JUnitXMLReporter -->
<testsuite ignored="0" hostname="DESKTOP-QMAKQJB" failures="1" tests="5" name="Test2" time="8.257" errors="0" timestamp="2024-07-17T22:38:46 IST">
  <testcase classname="com.vinGuru.tests.flightResevearion.FlightReseverationTest" name="userRegistaraionTest" time="1.641"/>
  <testcase classname="com.vinGuru.tests.flightResevearion.FlightReseverationTest" name="registartionConfirmationPage" time="1.259"/>
  <testcase classname="com.vinGuru.tests.flightResevearion.FlightReseverationTest" name="flightSearchTest" time="1.404"/>
  <testcase classname="com.vinGuru.tests.flightResevearion.FlightReseverationTest" name="flightSelectionTest" time="2.076"/>
  <testcase classname="com.vinGuru.tests.flightResevearion.FlightReseverationTest" name="flightReseverationConfirmationTest" time="1.275">
    <failure type="java.lang.AssertionError" message="expected [$1169 USD] but found [$584 USD]">
      <![CDATA[java.lang.AssertionError: expected [$1169 USD] but found [$584 USD]
at com.vinGuru.tests.flightResevearion.FlightReseverationTest.flightReseverationConfirmationTest(FlightReseverationTest.java:78)
at java.base/java.util.ArrayList.forEach(ArrayList.java:1596)
... Removed 31 stack frames]]>
    </failure>
  </testcase> <!-- flightReseverationConfirmationTest -->
</testsuite> <!-- Test2 -->
