<?xml version="1.0" encoding="UTF-8"?>
<!-- Generated by org.testng.reporters.JUnitXMLReporter -->
<testsuite ignored="0" hostname="DESKTOP-QMAKQJB" failures="0" tests="3" name="Test1s" time="5.004" errors="0" timestamp="2024-07-21T11:25:27 IST">
  <testcase classname="com.vinsGuru.vendarPortal.VendorPortalTest" name="loginTest" time="0.695"/>
  <testcase classname="com.vinsGuru.vendarPortal.VendorPortalTest" name="dashBoardTest" time="1.419"/>
  <testcase classname="com.vinsGuru.vendarPortal.VendorPortalTest" name="logout" time="0.885"/>
</testsuite> <!-- Test1s -->
