<?xml version="1.0" encoding="UTF-8"?>
<testng-results ignored="0" total="3" passed="3" failed="0" skipped="0">
  <reporter-output>
  </reporter-output>
  <suite started-at="2024-07-21T06:05:43 GMT" name="Suite" finished-at="2024-07-21T06:05:51 GMT" duration-ms="7432">
    <groups>
    </groups>
    <test started-at="2024-07-21T06:05:43 GMT" name="Test1s" finished-at="2024-07-21T06:05:51 GMT" duration-ms="7432">
      <class name="com.vinsGuru.vendarPortal.VendorPortalTest">
        <test-method is-config="true" signature="setupConfig()[pri:0, instance:com.vinsGuru.vendarPortal.VendorPortalTest@2b72cb8a]" started-at="2024-07-21T06:05:43 GMT" name="setupConfig" finished-at="2024-07-21T06:05:43 GMT" duration-ms="12" status="PASS">
          <reporter-output>
          </reporter-output>
        </test-method> <!-- setupConfig -->
        <test-method is-config="true" signature="setDriver(org.testng.ITestContext,java.lang.String)[pri:0, instance:com.vinsGuru.vendarPortal.VendorPortalTest@2b72cb8a]" started-at="2024-07-21T06:05:43 GMT" name="setDriver" finished-at="2024-07-21T06:05:45 GMT" duration-ms="1446" status="PASS">
          <params>
            <param index="0">
              <value>
                <![CDATA[org.testng.TestRunner@5cbe2654]]>
              </value>
            </param>
            <param index="1">
              <value>
                <![CDATA[chrome]]>
              </value>
            </param>
          </params>
          <reporter-output>
          </reporter-output>
        </test-method> <!-- setDriver -->
        <test-method is-config="true" signature="setPage(java.lang.String)[pri:0, instance:com.vinsGuru.vendarPortal.VendorPortalTest@2b72cb8a]" started-at="2024-07-21T06:05:45 GMT" name="setPage" finished-at="2024-07-21T06:05:45 GMT" depends-on-methods="com.tests.BaseTest.setDriver" duration-ms="193" status="PASS">
          <params>
            <param index="0">
              <value>
                <![CDATA[TestData/VendorPortal/sam.json]]>
              </value>
            </param>
          </params>
          <reporter-output>
          </reporter-output>
        </test-method> <!-- setPage -->
        <test-method signature="loginTest()[pri:0, instance:com.vinsGuru.vendarPortal.VendorPortalTest@2b72cb8a]" started-at="2024-07-21T06:05:45 GMT" name="loginTest" finished-at="2024-07-21T06:05:46 GMT" duration-ms="905" status="PASS">
          <reporter-output>
          </reporter-output>
        </test-method> <!-- loginTest -->
        <test-method signature="dashBoardTest()[pri:0, instance:com.vinsGuru.vendarPortal.VendorPortalTest@2b72cb8a]" started-at="2024-07-21T06:05:46 GMT" name="dashBoardTest" finished-at="2024-07-21T06:05:49 GMT" depends-on-methods="com.vinsGuru.vendarPortal.VendorPortalTest.loginTest" duration-ms="3359" status="PASS">
          <reporter-output>
          </reporter-output>
        </test-method> <!-- dashBoardTest -->
        <test-method signature="logout()[pri:0, instance:com.vinsGuru.vendarPortal.VendorPortalTest@2b72cb8a]" started-at="2024-07-21T06:05:49 GMT" name="logout" finished-at="2024-07-21T06:05:51 GMT" depends-on-methods="com.vinsGuru.vendarPortal.VendorPortalTest.dashBoardTest" duration-ms="1418" status="PASS">
          <reporter-output>
          </reporter-output>
        </test-method> <!-- logout -->
        <test-method is-config="true" signature="quiteDriver()[pri:0, instance:com.vinsGuru.vendarPortal.VendorPortalTest@2b72cb8a]" started-at="2024-07-21T06:05:51 GMT" name="quiteDriver" finished-at="2024-07-21T06:05:51 GMT" duration-ms="91" status="PASS">
          <reporter-output>
          </reporter-output>
        </test-method> <!-- quiteDriver -->
      </class> <!-- com.vinsGuru.vendarPortal.VendorPortalTest -->
    </test> <!-- Test1s -->
  </suite> <!-- Suite -->
</testng-results>
