<?xml version="1.0" encoding="UTF-8"?>
<testng-results ignored="0" total="3" passed="3" failed="0" skipped="0">
  <reporter-output>
  </reporter-output>
  <suite started-at="2024-07-18T21:52:05 IST" name="Suite" finished-at="2024-07-18T21:52:11 IST" duration-ms="6253">
    <groups>
    </groups>
    <test started-at="2024-07-18T21:52:05 IST" name="Test1s" finished-at="2024-07-18T21:52:11 IST" duration-ms="6253">
      <class name="com.vinsGuru.vendarPortal.VendorPortalTest">
        <test-method is-config="true" signature="setupConfig()[pri:0, instance:com.vinsGuru.vendarPortal.VendorPortalTest@36902638]" started-at="2024-07-18T21:52:04 IST" name="setupConfig" finished-at="2024-07-18T21:52:05 IST" duration-ms="178" status="PASS">
          <reporter-output>
          </reporter-output>
        </test-method> <!-- setupConfig -->
        <test-method is-config="true" signature="setDriver(java.lang.String)[pri:0, instance:com.vinsGuru.vendarPortal.VendorPortalTest@36902638]" started-at="2024-07-18T21:52:05 IST" name="setDriver" finished-at="2024-07-18T21:52:06 IST" duration-ms="911" status="PASS">
          <params>
            <param index="0">
              <value>
                <![CDATA[chrome]]>
              </value>
            </param>
          </params>
          <reporter-output>
          </reporter-output>
        </test-method> <!-- setDriver -->
        <test-method is-config="true" signature="setPage(java.lang.String)[pri:0, instance:com.vinsGuru.vendarPortal.VendorPortalTest@36902638]" started-at="2024-07-18T21:52:06 IST" name="setPage" finished-at="2024-07-18T21:52:06 IST" depends-on-methods="com.tests.BaseTest.setDriver" duration-ms="210" status="PASS">
          <params>
            <param index="0">
              <value>
                <![CDATA[TestData/VendorPortal/sam.json]]>
              </value>
            </param>
          </params>
          <reporter-output>
          </reporter-output>
        </test-method> <!-- setPage -->
        <test-method signature="loginTest()[pri:0, instance:com.vinsGuru.vendarPortal.VendorPortalTest@36902638]" started-at="2024-07-18T21:52:06 IST" name="loginTest" finished-at="2024-07-18T21:52:07 IST" duration-ms="973" status="PASS">
          <reporter-output>
          </reporter-output>
        </test-method> <!-- loginTest -->
        <test-method signature="dashBoardTest()[pri:0, instance:com.vinsGuru.vendarPortal.VendorPortalTest@36902638]" started-at="2024-07-18T21:52:07 IST" name="dashBoardTest" finished-at="2024-07-18T21:52:09 IST" depends-on-methods="com.vinsGuru.vendarPortal.VendorPortalTest.loginTest" duration-ms="2634" status="PASS">
          <reporter-output>
          </reporter-output>
        </test-method> <!-- dashBoardTest -->
        <test-method signature="logout()[pri:0, instance:com.vinsGuru.vendarPortal.VendorPortalTest@36902638]" started-at="2024-07-18T21:52:09 IST" name="logout" finished-at="2024-07-18T21:52:11 IST" depends-on-methods="com.vinsGuru.vendarPortal.VendorPortalTest.dashBoardTest" duration-ms="1419" status="PASS">
          <reporter-output>
          </reporter-output>
        </test-method> <!-- logout -->
        <test-method is-config="true" signature="quiteDriver()[pri:0, instance:com.vinsGuru.vendarPortal.VendorPortalTest@36902638]" started-at="2024-07-18T21:52:11 IST" name="quiteDriver" finished-at="2024-07-18T21:52:11 IST" duration-ms="82" status="PASS">
          <reporter-output>
          </reporter-output>
        </test-method> <!-- quiteDriver -->
      </class> <!-- com.vinsGuru.vendarPortal.VendorPortalTest -->
    </test> <!-- Test1s -->
  </suite> <!-- Suite -->
</testng-results>
